[1126/172148.461:ERROR:process_reader_win.cc(151)] SuspendThread: Access is denied. (0x5)
[1126/172148.465:ERROR:process_reader_win.cc(151)] SuspendThread: Access is denied. (0x5)
[1126/172148.465:ERROR:process_reader_win.cc(151)] SuspendThread: Access is denied. (0x5)
[1126/172148.465:ERROR:process_reader_win.cc(151)] SuspendThread: Access is denied. (0x5)
[1126/172148.465:ERROR:process_reader_win.cc(151)] SuspendThread: Access is denied. (0x5)
[1126/172148.465:ERROR:process_reader_win.cc(151)] SuspendThread: Access is denied. (0x5)
[1126/172148.465:ERROR:process_reader_win.cc(151)] SuspendThread: Access is denied. (0x5)
[1126/172148.465:ERROR:process_reader_win.cc(123)] NtOpenThread: An invalid Client ID was specified. (0xc000000b)
[1126/172148.466:ERROR:process_reader_win.cc(151)] SuspendThread: Access is denied. (0x5)
[1126/172148.466:ERROR:process_reader_win.cc(151)] SuspendThread: Access is denied. (0x5)
[1126/172148.466:ERROR:process_reader_win.cc(151)] SuspendThread: Access is denied. (0x5)
[1126/172148.466:ERROR:process_reader_win.cc(151)] SuspendThread: Access is denied. (0x5)
[1126/172148.466:ERROR:process_reader_win.cc(151)] SuspendThread: Access is denied. (0x5)
[1126/172148.466:ERROR:process_reader_win.cc(151)] SuspendThread: Access is denied. (0x5)
[1126/172148.466:ERROR:process_reader_win.cc(151)] SuspendThread: Access is denied. (0x5)
[1126/172148.466:ERROR:process_reader_win.cc(151)] SuspendThread: Access is denied. (0x5)
[1126/172148.466:ERROR:process_reader_win.cc(151)] SuspendThread: Access is denied. (0x5)
[1126/172148.467:ERROR:process_reader_win.cc(151)] SuspendThread: Access is denied. (0x5)
[1126/172148.467:ERROR:exception_snapshot_win.cc(98)] thread ID 9448 not found in process
[1126/201917.813:ERROR:process_reader_win.cc(151)] SuspendThread: Access is denied. (0x5)
[1126/201917.816:ERROR:exception_snapshot_win.cc(98)] thread ID 3584 not found in process
[1126/201917.816:ERROR:scoped_process_suspend.cc(40)] NtResumeProcess: An attempt was made to access an exiting process. (0xc000010a)
[1203/155210.867:ERROR:process_memory_win.cc(73)] ReadMemory at 0x3b0000 of 65536 bytes failed: Only part of a ReadProcessMemory or WriteProcessMemory request was completed. (0x12B)
[1203/155210.896:ERROR:process_memory_win.cc(73)] ReadMemory at 0x177e000 of 8192 bytes failed: Only part of a ReadProcessMemory or WriteProcessMemory request was completed. (0x12B)
[1203/155210.896:ERROR:process_memory_win.cc(73)] ReadMemory at 0x362e000 of 8192 bytes failed: Only part of a ReadProcessMemory or WriteProcessMemory request was completed. (0x12B)
[1203/155210.896:ERROR:process_memory_win.cc(73)] ReadMemory at 0x3a7e000 of 8192 bytes failed: Only part of a ReadProcessMemory or WriteProcessMemory request was completed. (0x12B)
[1203/155210.896:ERROR:process_memory_win.cc(73)] ReadMemory at 0x351d000 of 12288 bytes failed: Only part of a ReadProcessMemory or WriteProcessMemory request was completed. (0x12B)
[1203/155210.896:ERROR:process_memory_win.cc(73)] ReadMemory at 0x3ccf000 of 4096 bytes failed: Only part of a ReadProcessMemory or WriteProcessMemory request was completed. (0x12B)
[1203/155210.896:ERROR:process_memory_win.cc(73)] ReadMemory at 0x3eae000 of 8192 bytes failed: Only part of a ReadProcessMemory or WriteProcessMemory request was completed. (0x12B)
[1203/155210.896:ERROR:process_memory_win.cc(73)] ReadMemory at 0x375e000 of 8192 bytes failed: Only part of a ReadProcessMemory or WriteProcessMemory request was completed. (0x12B)
[1203/155210.897:ERROR:process_memory_win.cc(73)] ReadMemory at 0x40bd000 of 12288 bytes failed: Only part of a ReadProcessMemory or WriteProcessMemory request was completed. (0x12B)
[1203/155210.897:ERROR:process_memory_win.cc(73)] ReadMemory at 0x426b000 of 20480 bytes failed: Only part of a ReadProcessMemory or WriteProcessMemory request was completed. (0x12B)
[1203/155210.897:ERROR:process_memory_win.cc(73)] ReadMemory at 0x438b000 of 20480 bytes failed: Only part of a ReadProcessMemory or WriteProcessMemory request was completed. (0x12B)
[1203/155210.897:ERROR:process_memory_win.cc(73)] ReadMemory at 0x6fbe000 of 8192 bytes failed: Only part of a ReadProcessMemory or WriteProcessMemory request was completed. (0x12B)
[1203/155210.897:ERROR:process_memory_win.cc(73)] ReadMemory at 0x7c5b000 of 20480 bytes failed: Only part of a ReadProcessMemory or WriteProcessMemory request was completed. (0x12B)
[1203/155210.897:ERROR:process_memory_win.cc(73)] ReadMemory at 0x5c1e000 of 8192 bytes failed: Only part of a ReadProcessMemory or WriteProcessMemory request was completed. (0x12B)
[1203/155210.897:ERROR:process_memory_win.cc(73)] ReadMemory at 0x57fe000 of 8192 bytes failed: Only part of a ReadProcessMemory or WriteProcessMemory request was completed. (0x12B)
[1203/155210.897:ERROR:process_memory_win.cc(73)] ReadMemory at 0x499e000 of 8192 bytes failed: Only part of a ReadProcessMemory or WriteProcessMemory request was completed. (0x12B)
[1203/155210.897:ERROR:process_memory_win.cc(73)] ReadMemory at 0x9507f0 of 5288 bytes failed: Only part of a ReadProcessMemory or WriteProcessMemory request was completed. (0x12B)
[1203/155210.897:ERROR:process_memory_win.cc(73)] ReadMemory at 0x951ca0 of 660 bytes failed: Only part of a ReadProcessMemory or WriteProcessMemory request was completed. (0x12B)
[1203/155210.897:ERROR:process_memory_win.cc(73)] ReadMemory at 0x952140 of 2056 bytes failed: Only part of a ReadProcessMemory or WriteProcessMemory request was completed. (0x12B)
[1203/155210.898:ERROR:process_memory_win.cc(73)] ReadMemory at 0x95294a of 118 bytes failed: Only part of a ReadProcessMemory or WriteProcessMemory request was completed. (0x12B)
[1203/155210.898:ERROR:process_memory_win.cc(73)] ReadMemory at 0x9529c2 of 1296 bytes failed: Only part of a ReadProcessMemory or WriteProcessMemory request was completed. (0x12B)
[1203/155210.898:ERROR:process_memory_win.cc(73)] ReadMemory at 0x952ed4 of 118 bytes failed: Only part of a ReadProcessMemory or WriteProcessMemory request was completed. (0x12B)
[1203/155210.898:ERROR:process_memory_win.cc(73)] ReadMemory at 0x952f4c of 102 bytes failed: Only part of a ReadProcessMemory or WriteProcessMemory request was completed. (0x12B)
[1203/155210.898:ERROR:process_memory_win.cc(73)] ReadMemory at 0x9544e8 of 72 bytes failed: Only part of a ReadProcessMemory or WriteProcessMemory request was completed. (0x12B)
[1203/155210.898:ERROR:process_memory_win.cc(73)] ReadMemory at 0x954568 of 72 bytes failed: Only part of a ReadProcessMemory or WriteProcessMemory request was completed. (0x12B)
[1203/155210.898:ERROR:process_memory_win.cc(73)] ReadMemory at 0x9545e8 of 58 bytes failed: Only part of a ReadProcessMemory or WriteProcessMemory request was completed. (0x12B)
[1203/155210.898:ERROR:process_memory_win.cc(73)] ReadMemory at 0x954648 of 124 bytes failed: Only part of a ReadProcessMemory or WriteProcessMemory request was completed. (0x12B)
[1203/155210.898:ERROR:process_memory_win.cc(73)] ReadMemory at 0x9548e0 of 64 bytes failed: Only part of a ReadProcessMemory or WriteProcessMemory request was completed. (0x12B)
[1203/155210.898:ERROR:process_memory_win.cc(73)] ReadMemory at 0x954930 of 72 bytes failed: Only part of a ReadProcessMemory or WriteProcessMemory request was completed. (0x12B)
[1203/155210.898:ERROR:process_memory_win.cc(73)] ReadMemory at 0x9549c8 of 68 bytes failed: Only part of a ReadProcessMemory or WriteProcessMemory request was completed. (0x12B)
[1203/155210.898:ERROR:process_memory_win.cc(73)] ReadMemory at 0x954a18 of 72 bytes failed: Only part of a ReadProcessMemory or WriteProcessMemory request was completed. (0x12B)
[1203/155210.898:ERROR:process_memory_win.cc(73)] ReadMemory at 0x955628 of 152 bytes failed: Only part of a ReadProcessMemory or WriteProcessMemory request was completed. (0x12B)
[1203/155210.898:ERROR:process_memory_win.cc(73)] ReadMemory at 0x9556d0 of 72 bytes failed: Only part of a ReadProcessMemory or WriteProcessMemory request was completed. (0x12B)
[1203/155210.898:ERROR:process_memory_win.cc(73)] ReadMemory at 0x955798 of 72 bytes failed: Only part of a ReadProcessMemory or WriteProcessMemory request was completed. (0x12B)
[1203/155210.898:ERROR:process_memory_win.cc(73)] ReadMemory at 0x955818 of 60 bytes failed: Only part of a ReadProcessMemory or WriteProcessMemory request was completed. (0x12B)
[1203/155210.899:ERROR:process_memory_win.cc(73)] ReadMemory at 0x9558c8 of 62 bytes failed: Only part of a ReadProcessMemory or WriteProcessMemory request was completed. (0x12B)
[1203/155210.899:ERROR:process_memory_win.cc(73)] ReadMemory at 0x955d50 of 72 bytes failed: Only part of a ReadProcessMemory or WriteProcessMemory request was completed. (0x12B)
[1203/155210.899:ERROR:process_memory_win.cc(73)] ReadMemory at 0x956810 of 104 bytes failed: Only part of a ReadProcessMemory or WriteProcessMemory request was completed. (0x12B)
[1203/155210.899:ERROR:process_memory_win.cc(73)] ReadMemory at 0x956888 of 72 bytes failed: Only part of a ReadProcessMemory or WriteProcessMemory request was completed. (0x12B)
[1203/155210.899:ERROR:process_memory_win.cc(73)] ReadMemory at 0x96c700 of 60 bytes failed: Only part of a ReadProcessMemory or WriteProcessMemory request was completed. (0x12B)
[1203/155210.899:ERROR:process_memory_win.cc(73)] ReadMemory at 0x96c748 of 72 bytes failed: Only part of a ReadProcessMemory or WriteProcessMemory request was completed. (0x12B)
[1203/155210.899:ERROR:process_memory_win.cc(73)] ReadMemory at 0x96c7c8 of 62 bytes failed: Only part of a ReadProcessMemory or WriteProcessMemory request was completed. (0x12B)
[1203/155210.899:ERROR:process_memory_win.cc(73)] ReadMemory at 0x96c810 of 72 bytes failed: Only part of a ReadProcessMemory or WriteProcessMemory request was completed. (0x12B)
[1203/155210.899:ERROR:process_memory_win.cc(73)] ReadMemory at 0x96c890 of 66 bytes failed: Only part of a ReadProcessMemory or WriteProcessMemory request was completed. (0x12B)
[1203/155210.899:ERROR:process_memory_win.cc(73)] ReadMemory at 0x96c8e0 of 72 bytes failed: Only part of a ReadProcessMemory or WriteProcessMemory request was completed. (0x12B)
[1203/155210.899:ERROR:process_memory_win.cc(73)] ReadMemory at 0x96cb30 of 58 bytes failed: Only part of a ReadProcessMemory or WriteProcessMemory request was completed. (0x12B)
[1203/155210.899:ERROR:process_memory_win.cc(73)] ReadMemory at 0x96cb88 of 62 bytes failed: Only part of a ReadProcessMemory or WriteProcessMemory request was completed. (0x12B)
[1203/155210.899:ERROR:process_memory_win.cc(73)] ReadMemory at 0x96cbd0 of 72 bytes failed: Only part of a ReadProcessMemory or WriteProcessMemory request was completed. (0x12B)
[1203/155210.899:ERROR:process_memory_win.cc(73)] ReadMemory at 0x96cc68 of 72 bytes failed: Only part of a ReadProcessMemory or WriteProcessMemory request was completed. (0x12B)
[1203/155210.899:ERROR:process_memory_win.cc(73)] ReadMemory at 0x96cce8 of 72 bytes failed: Only part of a ReadProcessMemory or WriteProcessMemory request was completed. (0x12B)
[1203/155210.899:ERROR:process_memory_win.cc(73)] ReadMemory at 0x96cd68 of 72 bytes failed: Only part of a ReadProcessMemory or WriteProcessMemory request was completed. (0x12B)
[1203/155210.899:ERROR:process_memory_win.cc(73)] ReadMemory at 0x96cde8 of 72 bytes failed: Only part of a ReadProcessMemory or WriteProcessMemory request was completed. (0x12B)
[1203/155210.900:ERROR:process_memory_win.cc(73)] ReadMemory at 0x96ce68 of 72 bytes failed: Only part of a ReadProcessMemory or WriteProcessMemory request was completed. (0x12B)
[1203/155210.900:ERROR:process_memory_win.cc(73)] ReadMemory at 0x96cee8 of 72 bytes failed: Only part of a ReadProcessMemory or WriteProcessMemory request was completed. (0x12B)
[1203/155210.900:ERROR:process_memory_win.cc(73)] ReadMemory at 0x96cf68 of 72 bytes failed: Only part of a ReadProcessMemory or WriteProcessMemory request was completed. (0x12B)
[1203/155210.900:ERROR:process_memory_win.cc(73)] ReadMemory at 0x96cfe8 of 72 bytes failed: Only part of a ReadProcessMemory or WriteProcessMemory request was completed. (0x12B)
[1203/155210.900:ERROR:process_memory_win.cc(73)] ReadMemory at 0x96d068 of 72 bytes failed: Only part of a ReadProcessMemory or WriteProcessMemory request was completed. (0x12B)
[1203/155210.900:ERROR:process_memory_win.cc(73)] ReadMemory at 0x96d0e8 of 72 bytes failed: Only part of a ReadProcessMemory or WriteProcessMemory request was completed. (0x12B)
[1203/155210.900:ERROR:process_memory_win.cc(73)] ReadMemory at 0x96d168 of 72 bytes failed: Only part of a ReadProcessMemory or WriteProcessMemory request was completed. (0x12B)
[1203/155210.900:ERROR:process_memory_win.cc(73)] ReadMemory at 0x96d1e8 of 72 bytes failed: Only part of a ReadProcessMemory or WriteProcessMemory request was completed. (0x12B)
[1203/155210.900:ERROR:process_memory_win.cc(73)] ReadMemory at 0x96d468 of 72 bytes failed: Only part of a ReadProcessMemory or WriteProcessMemory request was completed. (0x12B)
[1203/155210.900:ERROR:process_memory_win.cc(73)] ReadMemory at 0x96dae8 of 72 bytes failed: Only part of a ReadProcessMemory or WriteProcessMemory request was completed. (0x12B)
[1203/155210.900:ERROR:process_memory_win.cc(73)] ReadMemory at 0x96db68 of 72 bytes failed: Only part of a ReadProcessMemory or WriteProcessMemory request was completed. (0x12B)
[1203/155210.900:ERROR:process_memory_win.cc(73)] ReadMemory at 0x96dbe8 of 72 bytes failed: Only part of a ReadProcessMemory or WriteProcessMemory request was completed. (0x12B)
[1203/155210.900:ERROR:process_memory_win.cc(73)] ReadMemory at 0x96dc68 of 72 bytes failed: Only part of a ReadProcessMemory or WriteProcessMemory request was completed. (0x12B)
[1203/155210.900:ERROR:process_memory_win.cc(73)] ReadMemory at 0x96dce8 of 72 bytes failed: Only part of a ReadProcessMemory or WriteProcessMemory request was completed. (0x12B)
[1203/155210.900:ERROR:process_memory_win.cc(73)] ReadMemory at 0x96de68 of 72 bytes failed: Only part of a ReadProcessMemory or WriteProcessMemory request was completed. (0x12B)
[1203/155210.900:ERROR:process_memory_win.cc(73)] ReadMemory at 0x96dee8 of 72 bytes failed: Only part of a ReadProcessMemory or WriteProcessMemory request was completed. (0x12B)
[1203/155210.900:ERROR:process_memory_win.cc(73)] ReadMemory at 0x96df68 of 72 bytes failed: Only part of a ReadProcessMemory or WriteProcessMemory request was completed. (0x12B)
[1203/155210.901:ERROR:process_memory_win.cc(73)] ReadMemory at 0x96dfe8 of 72 bytes failed: Only part of a ReadProcessMemory or WriteProcessMemory request was completed. (0x12B)
[1203/155210.901:ERROR:process_memory_win.cc(73)] ReadMemory at 0x96e068 of 72 bytes failed: Only part of a ReadProcessMemory or WriteProcessMemory request was completed. (0x12B)
[1203/155210.901:ERROR:process_memory_win.cc(73)] ReadMemory at 0x96e0e8 of 72 bytes failed: Only part of a ReadProcessMemory or WriteProcessMemory request was completed. (0x12B)
[1203/155210.901:ERROR:process_memory_win.cc(73)] ReadMemory at 0x96e168 of 72 bytes failed: Only part of a ReadProcessMemory or WriteProcessMemory request was completed. (0x12B)
[1203/155210.901:ERROR:process_memory_win.cc(73)] ReadMemory at 0x96e1e8 of 72 bytes failed: Only part of a ReadProcessMemory or WriteProcessMemory request was completed. (0x12B)
[1203/155210.901:ERROR:process_memory_win.cc(73)] ReadMemory at 0x96e268 of 72 bytes failed: Only part of a ReadProcessMemory or WriteProcessMemory request was completed. (0x12B)
[1203/155210.901:ERROR:process_memory_win.cc(73)] ReadMemory at 0x96e2e8 of 72 bytes failed: Only part of a ReadProcessMemory or WriteProcessMemory request was completed. (0x12B)
[1203/155210.901:ERROR:process_memory_win.cc(73)] ReadMemory at 0x96e368 of 72 bytes failed: Only part of a ReadProcessMemory or WriteProcessMemory request was completed. (0x12B)
[1203/155210.901:ERROR:process_memory_win.cc(73)] ReadMemory at 0x96e3e8 of 72 bytes failed: Only part of a ReadProcessMemory or WriteProcessMemory request was completed. (0x12B)
[1203/155210.901:ERROR:process_memory_win.cc(73)] ReadMemory at 0x96e468 of 72 bytes failed: Only part of a ReadProcessMemory or WriteProcessMemory request was completed. (0x12B)
[1203/155210.901:ERROR:process_memory_win.cc(73)] ReadMemory at 0x96e4e8 of 72 bytes failed: Only part of a ReadProcessMemory or WriteProcessMemory request was completed. (0x12B)
[1203/155210.901:ERROR:process_memory_win.cc(73)] ReadMemory at 0x96e568 of 72 bytes failed: Only part of a ReadProcessMemory or WriteProcessMemory request was completed. (0x12B)
[1203/155210.901:ERROR:process_memory_win.cc(73)] ReadMemory at 0x96e5e8 of 72 bytes failed: Only part of a ReadProcessMemory or WriteProcessMemory request was completed. (0x12B)
[1203/155210.901:ERROR:process_memory_win.cc(73)] ReadMemory at 0x96e668 of 72 bytes failed: Only part of a ReadProcessMemory or WriteProcessMemory request was completed. (0x12B)
[1203/155210.901:ERROR:process_memory_win.cc(73)] ReadMemory at 0x96e6e8 of 72 bytes failed: Only part of a ReadProcessMemory or WriteProcessMemory request was completed. (0x12B)
[1203/155210.901:ERROR:process_memory_win.cc(73)] ReadMemory at 0x96e768 of 72 bytes failed: Only part of a ReadProcessMemory or WriteProcessMemory request was completed. (0x12B)
[1203/155210.901:ERROR:process_memory_win.cc(73)] ReadMemory at 0x96e7e8 of 72 bytes failed: Only part of a ReadProcessMemory or WriteProcessMemory request was completed. (0x12B)
[1203/155210.902:ERROR:process_memory_win.cc(73)] ReadMemory at 0x96ec50 of 60 bytes failed: Only part of a ReadProcessMemory or WriteProcessMemory request was completed. (0x12B)
[1203/155210.902:ERROR:process_memory_win.cc(73)] ReadMemory at 0x96f098 of 64 bytes failed: Only part of a ReadProcessMemory or WriteProcessMemory request was completed. (0x12B)
[1203/155210.902:ERROR:process_memory_win.cc(73)] ReadMemory at 0x96f0e8 of 54 bytes failed: Only part of a ReadProcessMemory or WriteProcessMemory request was completed. (0x12B)
[1203/155210.902:ERROR:process_memory_win.cc(73)] ReadMemory at 0x96f128 of 58 bytes failed: Only part of a ReadProcessMemory or WriteProcessMemory request was completed. (0x12B)
[1203/155210.902:ERROR:process_memory_win.cc(73)] ReadMemory at 0x96f5b8 of 90 bytes failed: Only part of a ReadProcessMemory or WriteProcessMemory request was completed. (0x12B)
[1203/155210.902:ERROR:process_memory_win.cc(73)] ReadMemory at 0x96f900 of 58 bytes failed: Only part of a ReadProcessMemory or WriteProcessMemory request was completed. (0x12B)
[1203/155210.902:ERROR:process_memory_win.cc(73)] ReadMemory at 0x96f948 of 58 bytes failed: Only part of a ReadProcessMemory or WriteProcessMemory request was completed. (0x12B)
[1203/155210.902:ERROR:process_memory_win.cc(73)] ReadMemory at 0x96faf8 of 62 bytes failed: Only part of a ReadProcessMemory or WriteProcessMemory request was completed. (0x12B)
[1203/155210.902:ERROR:process_memory_win.cc(73)] ReadMemory at 0x96fb40 of 62 bytes failed: Only part of a ReadProcessMemory or WriteProcessMemory request was completed. (0x12B)
[1203/155210.902:ERROR:process_memory_win.cc(73)] ReadMemory at 0x972e58 of 120 bytes failed: Only part of a ReadProcessMemory or WriteProcessMemory request was completed. (0x12B)
[1203/155210.902:ERROR:process_memory_win.cc(73)] ReadMemory at 0x982be8 of 96 bytes failed: Only part of a ReadProcessMemory or WriteProcessMemory request was completed. (0x12B)
[1203/155210.902:ERROR:process_memory_win.cc(73)] ReadMemory at 0x984538 of 96 bytes failed: Only part of a ReadProcessMemory or WriteProcessMemory request was completed. (0x12B)
[1203/155210.902:ERROR:process_memory_win.cc(73)] ReadMemory at 0x987e30 of 92 bytes failed: Only part of a ReadProcessMemory or WriteProcessMemory request was completed. (0x12B)
[1203/155210.902:ERROR:process_memory_win.cc(73)] ReadMemory at 0x988370 of 54 bytes failed: Only part of a ReadProcessMemory or WriteProcessMemory request was completed. (0x12B)
[1203/155210.902:ERROR:process_memory_win.cc(73)] ReadMemory at 0x9894a0 of 64 bytes failed: Only part of a ReadProcessMemory or WriteProcessMemory request was completed. (0x12B)
[1203/155210.902:ERROR:process_memory_win.cc(73)] ReadMemory at 0x98bf78 of 62 bytes failed: Only part of a ReadProcessMemory or WriteProcessMemory request was completed. (0x12B)
[1203/155210.902:ERROR:process_memory_win.cc(73)] ReadMemory at 0x98efd0 of 94 bytes failed: Only part of a ReadProcessMemory or WriteProcessMemory request was completed. (0x12B)
[1203/155210.902:ERROR:process_memory_win.cc(73)] ReadMemory at 0x991638 of 100 bytes failed: Only part of a ReadProcessMemory or WriteProcessMemory request was completed. (0x12B)
[1203/155210.903:ERROR:process_memory_win.cc(73)] ReadMemory at 0x994b08 of 162 bytes failed: Only part of a ReadProcessMemory or WriteProcessMemory request was completed. (0x12B)
[1203/155210.903:ERROR:process_memory_win.cc(73)] ReadMemory at 0x995ac0 of 60 bytes failed: Only part of a ReadProcessMemory or WriteProcessMemory request was completed. (0x12B)
[1203/155210.903:ERROR:process_memory_win.cc(73)] ReadMemory at 0x995fd0 of 58 bytes failed: Only part of a ReadProcessMemory or WriteProcessMemory request was completed. (0x12B)
[1203/155210.903:ERROR:process_memory_win.cc(73)] ReadMemory at 0x996018 of 60 bytes failed: Only part of a ReadProcessMemory or WriteProcessMemory request was completed. (0x12B)
[1203/155210.903:ERROR:process_memory_win.cc(73)] ReadMemory at 0x996060 of 60 bytes failed: Only part of a ReadProcessMemory or WriteProcessMemory request was completed. (0x12B)
[1203/155210.903:ERROR:process_memory_win.cc(73)] ReadMemory at 0x9960a8 of 58 bytes failed: Only part of a ReadProcessMemory or WriteProcessMemory request was completed. (0x12B)
[1203/155210.903:ERROR:process_memory_win.cc(73)] ReadMemory at 0x9960f0 of 62 bytes failed: Only part of a ReadProcessMemory or WriteProcessMemory request was completed. (0x12B)
[1203/155210.903:ERROR:process_memory_win.cc(73)] ReadMemory at 0x996138 of 62 bytes failed: Only part of a ReadProcessMemory or WriteProcessMemory request was completed. (0x12B)
[1203/155210.903:ERROR:process_memory_win.cc(73)] ReadMemory at 0x996180 of 60 bytes failed: Only part of a ReadProcessMemory or WriteProcessMemory request was completed. (0x12B)
[1203/155210.903:ERROR:process_memory_win.cc(73)] ReadMemory at 0x9961c8 of 62 bytes failed: Only part of a ReadProcessMemory or WriteProcessMemory request was completed. (0x12B)
[1203/155210.903:ERROR:process_memory_win.cc(73)] ReadMemory at 0x996210 of 62 bytes failed: Only part of a ReadProcessMemory or WriteProcessMemory request was completed. (0x12B)
[1203/155210.903:ERROR:process_memory_win.cc(73)] ReadMemory at 0x996258 of 62 bytes failed: Only part of a ReadProcessMemory or WriteProcessMemory request was completed. (0x12B)
[1203/155210.903:ERROR:process_memory_win.cc(73)] ReadMemory at 0x9962a0 of 58 bytes failed: Only part of a ReadProcessMemory or WriteProcessMemory request was completed. (0x12B)
[1203/155210.903:ERROR:process_memory_win.cc(73)] ReadMemory at 0x99a138 of 64 bytes failed: Only part of a ReadProcessMemory or WriteProcessMemory request was completed. (0x12B)
[1203/155210.903:ERROR:process_memory_win.cc(73)] ReadMemory at 0x99a188 of 64 bytes failed: Only part of a ReadProcessMemory or WriteProcessMemory request was completed. (0x12B)
[1203/155210.903:ERROR:process_memory_win.cc(73)] ReadMemory at 0x99a1d8 of 64 bytes failed: Only part of a ReadProcessMemory or WriteProcessMemory request was completed. (0x12B)
[1203/155210.903:ERROR:process_memory_win.cc(73)] ReadMemory at 0x99a228 of 64 bytes failed: Only part of a ReadProcessMemory or WriteProcessMemory request was completed. (0x12B)
[1203/155210.903:ERROR:process_memory_win.cc(73)] ReadMemory at 0x99bae0 of 156 bytes failed: Only part of a ReadProcessMemory or WriteProcessMemory request was completed. (0x12B)
[1203/155210.904:ERROR:process_memory_win.cc(73)] ReadMemory at 0x99bba8 of 162 bytes failed: Only part of a ReadProcessMemory or WriteProcessMemory request was completed. (0x12B)
[1203/155210.904:ERROR:process_memory_win.cc(73)] ReadMemory at 0x9a1aa0 of 512 bytes failed: Only part of a ReadProcessMemory or WriteProcessMemory request was completed. (0x12B)
[1203/155210.904:ERROR:process_memory_win.cc(73)] ReadMemory at 0x9a1cd8 of 512 bytes failed: Only part of a ReadProcessMemory or WriteProcessMemory request was completed. (0x12B)
[1203/155210.904:ERROR:process_memory_win.cc(73)] ReadMemory at 0x1b78e60 of 548 bytes failed: Only part of a ReadProcessMemory or WriteProcessMemory request was completed. (0x12B)
[1203/155210.904:ERROR:process_memory_win.cc(73)] ReadMemory at 0x629bbcc of 512 bytes failed: Only part of a ReadProcessMemory or WriteProcessMemory request was completed. (0x12B)
[1203/155210.904:ERROR:process_memory_win.cc(73)] ReadMemory at 0x755fc52f of 512 bytes failed: Only part of a ReadProcessMemory or WriteProcessMemory request was completed. (0x12B)
[1203/155210.904:ERROR:process_memory_win.cc(73)] ReadMemory at 0x779ef851 of 648 bytes failed: Only part of a ReadProcessMemory or WriteProcessMemory request was completed. (0x12B)
[1203/155210.904:ERROR:process_memory_win.cc(73)] ReadMemory at 0x779efd11 of 512 bytes failed: Only part of a ReadProcessMemory or WriteProcessMemory request was completed. (0x12B)
[1203/155210.904:ERROR:process_memory_win.cc(73)] ReadMemory at 0x779f00dd of 512 bytes failed: Only part of a ReadProcessMemory or WriteProcessMemory request was completed. (0x12B)
[1203/155210.904:ERROR:process_memory_win.cc(73)] ReadMemory at 0x779f0836 of 512 bytes failed: Only part of a ReadProcessMemory or WriteProcessMemory request was completed. (0x12B)
[1203/155210.904:ERROR:process_memory_win.cc(73)] ReadMemory at 0x779f1ead of 537 bytes failed: Only part of a ReadProcessMemory or WriteProcessMemory request was completed. (0x12B)
[1203/155210.904:ERROR:process_memory_win.cc(73)] ReadMemory at 0x77a1a7cc of 18 bytes failed: Only part of a ReadProcessMemory or WriteProcessMemory request was completed. (0x12B)
[1203/155210.904:ERROR:process_memory_win.cc(73)] ReadMemory at 0x77a1f484 of 607 bytes failed: Only part of a ReadProcessMemory or WriteProcessMemory request was completed. (0x12B)
[1203/155210.904:ERROR:process_memory_win.cc(73)] ReadMemory at 0x77ad0200 of 36 bytes failed: Only part of a ReadProcessMemory or WriteProcessMemory request was completed. (0x12B)
[1203/155210.904:ERROR:process_memory_win.cc(73)] ReadMemory at 0x77ad20c0 of 24 bytes failed: Only part of a ReadProcessMemory or WriteProcessMemory request was completed. (0x12B)
[1203/155210.904:ERROR:process_memory_win.cc(73)] ReadMemory at 0x77ad4380 of 32 bytes failed: Only part of a ReadProcessMemory or WriteProcessMemory request was completed. (0x12B)
[1203/155210.904:ERROR:process_memory_win.cc(73)] ReadMemory at 0xfff82000 of 3992 bytes failed: Only part of a ReadProcessMemory or WriteProcessMemory request was completed. (0x12B)
[1203/155210.905:ERROR:process_memory_win.cc(73)] ReadMemory at 0xfff85000 of 3992 bytes failed: Only part of a ReadProcessMemory or WriteProcessMemory request was completed. (0x12B)
[1203/155210.905:ERROR:process_memory_win.cc(73)] ReadMemory at 0xfff91000 of 3992 bytes failed: Only part of a ReadProcessMemory or WriteProcessMemory request was completed. (0x12B)
[1203/155210.905:ERROR:process_memory_win.cc(73)] ReadMemory at 0xfff94000 of 3992 bytes failed: Only part of a ReadProcessMemory or WriteProcessMemory request was completed. (0x12B)
[1203/155210.905:ERROR:process_memory_win.cc(73)] ReadMemory at 0xfff97000 of 3992 bytes failed: Only part of a ReadProcessMemory or WriteProcessMemory request was completed. (0x12B)
[1203/155210.905:ERROR:process_memory_win.cc(73)] ReadMemory at 0xfff9a000 of 3992 bytes failed: Only part of a ReadProcessMemory or WriteProcessMemory request was completed. (0x12B)
[1203/155210.905:ERROR:process_memory_win.cc(73)] ReadMemory at 0xfff9d000 of 3992 bytes failed: Only part of a ReadProcessMemory or WriteProcessMemory request was completed. (0x12B)
[1203/155210.905:ERROR:process_memory_win.cc(73)] ReadMemory at 0xfffa0000 of 3992 bytes failed: Only part of a ReadProcessMemory or WriteProcessMemory request was completed. (0x12B)
[1203/155210.905:ERROR:process_memory_win.cc(73)] ReadMemory at 0xfffa3000 of 3992 bytes failed: Only part of a ReadProcessMemory or WriteProcessMemory request was completed. (0x12B)
[1203/155210.905:ERROR:process_memory_win.cc(73)] ReadMemory at 0xfffa6000 of 3992 bytes failed: Only part of a ReadProcessMemory or WriteProcessMemory request was completed. (0x12B)
[1203/155210.905:ERROR:process_memory_win.cc(73)] ReadMemory at 0xfffa9000 of 3992 bytes failed: Only part of a ReadProcessMemory or WriteProcessMemory request was completed. (0x12B)
[1203/155210.905:ERROR:process_memory_win.cc(73)] ReadMemory at 0xfffac000 of 3992 bytes failed: Only part of a ReadProcessMemory or WriteProcessMemory request was completed. (0x12B)
[1203/155210.905:ERROR:process_memory_win.cc(73)] ReadMemory at 0xfffaf000 of 3992 bytes failed: Only part of a ReadProcessMemory or WriteProcessMemory request was completed. (0x12B)
[1203/155210.905:ERROR:process_memory_win.cc(73)] ReadMemory at 0xfffd7000 of 3992 bytes failed: Only part of a ReadProcessMemory or WriteProcessMemory request was completed. (0x12B)
[1203/155210.905:ERROR:process_memory_win.cc(73)] ReadMemory at 0xfffda000 of 3992 bytes failed: Only part of a ReadProcessMemory or WriteProcessMemory request was completed. (0x12B)
[1203/155210.906:ERROR:process_memory_win.cc(73)] ReadMemory at 0xfffdd000 of 3992 bytes failed: Only part of a ReadProcessMemory or WriteProcessMemory request was completed. (0x12B)
[1203/155210.906:ERROR:process_memory_win.cc(73)] ReadMemory at 0xfffde000 of 560 bytes failed: Only part of a ReadProcessMemory or WriteProcessMemory request was completed. (0x12B)
[1203/155210.907:ERROR:scoped_process_suspend.cc(40)] NtResumeProcess: An attempt was made to access an exiting process. (0xc000010a)
